<?xml version="1.0" encoding="UTF-8"?>
<!-- Generated by org.testng.reporters.JUnitXMLReporter -->
<testsuite hostname="DESKTOP-HK6NNLD" ignored="0" name="Demoblaze_Test" tests="4" failures="0" timestamp="2020-04-13T13:52:16 IST" time="107.16" errors="0">
  <testcase name="login" time="27.93" classname="com.Demoblaze.TestRunner.Signup_TestRunner"/>
  <testcase name="login" time="25.925" classname="com.Demoblaze.TestRunner.Login_TestRunner"/>
  <testcase name="login" time="33.105" classname="com.Demoblaze.TestRunner.PlacingOrder_TestRunner"/>
  <testcase name="login" time="18.777" classname="com.Demoblaze.TestRunner.Contact_TestRunner"/>
</testsuite> <!-- Demoblaze_Test -->
